[1118/200545.937:ERROR:directory_reader_win.cc(43)] FindFirstFile: The system cannot find the path specified. (0x3)
[1122/124607.540:ERROR:directory_reader_win.cc(43)] FindFirstFile: The system cannot find the path specified. (0x3)
[1122/184900.863:ERROR:process_info.cc(329)] VirtualQueryEx: Access is denied. (0x5)
[1122/184901.034:ERROR:process_info.cc(556)] ReadMemoryInfo failed
[1122/184901.957:ERROR:process_info.cc(329)] VirtualQueryEx: Access is denied. (0x5)
[1122/184901.957:ERROR:process_info.cc(556)] ReadMemoryInfo failed
[1122/184901.596:ERROR:process_reader_win.cc(123)] NtOpenThread: {Access Denied} A process has requested access to an object, but has not been granted those access rights. (0xc0000022)
[1122/184900.580:ERROR:process_reader_win.cc(123)] NtOpenThread: {Access Denied} A process has requested access to an object, but has not been granted those access rights. (0xc0000022)
[1122/184902.122:ERROR:exception_snapshot_win.cc(99)] thread ID 11588 not found in process
[1122/184902.122:ERROR:exception_snapshot_win.cc(99)] thread ID 11592 not found in process
[1122/184901.035:ERROR:scoped_process_suspend.cc(40)] NtResumeProcess: An attempt was made to access an exiting process. (0xc000010a)
[1122/184901.957:ERROR:scoped_process_suspend.cc(40)] NtResumeProcess: An attempt was made to access an exiting process. (0xc000010a)
[1122/184902.122:ERROR:scoped_process_suspend.cc(40)] NtResumeProcess: An attempt was made to access an exiting process. (0xc000010a)
[1122/184902.122:ERROR:scoped_process_suspend.cc(40)] NtResumeProcess: An attempt was made to access an exiting process. (0xc000010a)
[1122/184902.178:ERROR:process_info.cc(329)] VirtualQueryEx: Access is denied. (0x5)
[1122/184902.179:ERROR:process_info.cc(556)] ReadMemoryInfo failed
[1122/184902.179:ERROR:scoped_process_suspend.cc(40)] NtResumeProcess: An attempt was made to access an exiting process. (0xc000010a)
[1122/184902.290:ERROR:process_reader_win.cc(123)] NtOpenThread: {Access Denied} A process has requested access to an object, but has not been granted those access rights. (0xc0000022)
[1122/184902.290:ERROR:exception_snapshot_win.cc(99)] thread ID 11572 not found in process
[1122/184902.290:ERROR:scoped_process_suspend.cc(40)] NtResumeProcess: An attempt was made to access an exiting process. (0xc000010a)
